<?xml version="1.0" encoding="UTF-8"?>
<testsuite xmlns:xsi="http://www.w3.org/2001/XMLSchema-instance" xsi:noNamespaceSchemaLocation="https://maven.apache.org/surefire/maven-surefire-plugin/xsd/surefire-test-report-3.0.xsd" version="3.0" name="TestSuite" time="12.037" tests="4" errors="0" skipped="0" failures="0">
  <properties>
    <property name="gopherProxySet" value="false"/>
    <property name="awt.toolkit" value="sun.lwawt.macosx.LWCToolkit"/>
    <property name="java.specification.version" value="11"/>
    <property name="sun.cpu.isalist" value=""/>
    <property name="sun.jnu.encoding" value="UTF-8"/>
    <property name="java.class.path" value="/Users/abdelrahmanmubarak/Downloads/Title/target/test-classes:/Users/abdelrahmanmubarak/Downloads/Title/target/classes:/Users/abdelrahmanmubarak/.m2/repository/org/seleniumhq/selenium/selenium-java/4.17.0/selenium-java-4.17.0.jar:/Users/abdelrahmanmubarak/.m2/repository/org/seleniumhq/selenium/selenium-api/4.17.0/selenium-api-4.17.0.jar:/Users/abdelrahmanmubarak/.m2/repository/org/seleniumhq/selenium/selenium-chrome-driver/4.17.0/selenium-chrome-driver-4.17.0.jar:/Users/abdelrahmanmubarak/.m2/repository/com/google/auto/service/auto-service-annotations/1.1.1/auto-service-annotations-1.1.1.jar:/Users/abdelrahmanmubarak/.m2/repository/org/seleniumhq/selenium/selenium-chromium-driver/4.17.0/selenium-chromium-driver-4.17.0.jar:/Users/abdelrahmanmubarak/.m2/repository/org/seleniumhq/selenium/selenium-json/4.17.0/selenium-json-4.17.0.jar:/Users/abdelrahmanmubarak/.m2/repository/org/seleniumhq/selenium/selenium-manager/4.17.0/selenium-manager-4.17.0.jar:/Users/abdelrahmanmubarak/.m2/repository/org/seleniumhq/selenium/selenium-devtools-v119/4.17.0/selenium-devtools-v119-4.17.0.jar:/Users/abdelrahmanmubarak/.m2/repository/org/seleniumhq/selenium/selenium-devtools-v120/4.17.0/selenium-devtools-v120-4.17.0.jar:/Users/abdelrahmanmubarak/.m2/repository/org/seleniumhq/selenium/selenium-devtools-v121/4.17.0/selenium-devtools-v121-4.17.0.jar:/Users/abdelrahmanmubarak/.m2/repository/org/seleniumhq/selenium/selenium-devtools-v85/4.17.0/selenium-devtools-v85-4.17.0.jar:/Users/abdelrahmanmubarak/.m2/repository/org/seleniumhq/selenium/selenium-edge-driver/4.17.0/selenium-edge-driver-4.17.0.jar:/Users/abdelrahmanmubarak/.m2/repository/org/seleniumhq/selenium/selenium-firefox-driver/4.17.0/selenium-firefox-driver-4.17.0.jar:/Users/abdelrahmanmubarak/.m2/repository/org/seleniumhq/selenium/selenium-http/4.17.0/selenium-http-4.17.0.jar:/Users/abdelrahmanmubarak/.m2/repository/dev/failsafe/failsafe/3.3.2/failsafe-3.3.2.jar:/Users/abdelrahmanmubarak/.m2/repository/org/seleniumhq/selenium/selenium-ie-driver/4.17.0/selenium-ie-driver-4.17.0.jar:/Users/abdelrahmanmubarak/.m2/repository/org/seleniumhq/selenium/selenium-remote-driver/4.17.0/selenium-remote-driver-4.17.0.jar:/Users/abdelrahmanmubarak/.m2/repository/com/google/guava/guava/33.0.0-jre/guava-33.0.0-jre.jar:/Users/abdelrahmanmubarak/.m2/repository/com/google/guava/failureaccess/1.0.2/failureaccess-1.0.2.jar:/Users/abdelrahmanmubarak/.m2/repository/com/google/guava/listenablefuture/9999.0-empty-to-avoid-conflict-with-guava/listenablefuture-9999.0-empty-to-avoid-conflict-with-guava.jar:/Users/abdelrahmanmubarak/.m2/repository/com/google/code/findbugs/jsr305/3.0.2/jsr305-3.0.2.jar:/Users/abdelrahmanmubarak/.m2/repository/org/checkerframework/checker-qual/3.41.0/checker-qual-3.41.0.jar:/Users/abdelrahmanmubarak/.m2/repository/com/google/errorprone/error_prone_annotations/2.23.0/error_prone_annotations-2.23.0.jar:/Users/abdelrahmanmubarak/.m2/repository/com/google/j2objc/j2objc-annotations/2.8/j2objc-annotations-2.8.jar:/Users/abdelrahmanmubarak/.m2/repository/io/opentelemetry/semconv/opentelemetry-semconv/1.23.1-alpha/opentelemetry-semconv-1.23.1-alpha.jar:/Users/abdelrahmanmubarak/.m2/repository/io/opentelemetry/opentelemetry-api/1.34.1/opentelemetry-api-1.34.1.jar:/Users/abdelrahmanmubarak/.m2/repository/io/opentelemetry/opentelemetry-context/1.34.1/opentelemetry-context-1.34.1.jar:/Users/abdelrahmanmubarak/.m2/repository/io/opentelemetry/opentelemetry-exporter-logging/1.34.1/opentelemetry-exporter-logging-1.34.1.jar:/Users/abdelrahmanmubarak/.m2/repository/io/opentelemetry/opentelemetry-sdk-common/1.34.1/opentelemetry-sdk-common-1.34.1.jar:/Users/abdelrahmanmubarak/.m2/repository/io/opentelemetry/opentelemetry-sdk-extension-autoconfigure-spi/1.34.1/opentelemetry-sdk-extension-autoconfigure-spi-1.34.1.jar:/Users/abdelrahmanmubarak/.m2/repository/io/opentelemetry/opentelemetry-sdk-extension-autoconfigure/1.34.1/opentelemetry-sdk-extension-autoconfigure-1.34.1.jar:/Users/abdelrahmanmubarak/.m2/repository/io/opentelemetry/opentelemetry-api-events/1.34.1-alpha/opentelemetry-api-events-1.34.1-alpha.jar:/Users/abdelrahmanmubarak/.m2/repository/io/opentelemetry/opentelemetry-sdk-trace/1.34.1/opentelemetry-sdk-trace-1.34.1.jar:/Users/abdelrahmanmubarak/.m2/repository/io/opentelemetry/opentelemetry-sdk/1.34.1/opentelemetry-sdk-1.34.1.jar:/Users/abdelrahmanmubarak/.m2/repository/io/opentelemetry/opentelemetry-sdk-metrics/1.34.1/opentelemetry-sdk-metrics-1.34.1.jar:/Users/abdelrahmanmubarak/.m2/repository/io/opentelemetry/opentelemetry-extension-incubator/1.34.1-alpha/opentelemetry-extension-incubator-1.34.1-alpha.jar:/Users/abdelrahmanmubarak/.m2/repository/io/opentelemetry/opentelemetry-sdk-logs/1.34.1/opentelemetry-sdk-logs-1.34.1.jar:/Users/abdelrahmanmubarak/.m2/repository/net/bytebuddy/byte-buddy/1.14.11/byte-buddy-1.14.11.jar:/Users/abdelrahmanmubarak/.m2/repository/org/seleniumhq/selenium/selenium-os/4.17.0/selenium-os-4.17.0.jar:/Users/abdelrahmanmubarak/.m2/repository/org/apache/commons/commons-exec/1.3/commons-exec-1.3.jar:/Users/abdelrahmanmubarak/.m2/repository/org/seleniumhq/selenium/selenium-safari-driver/4.17.0/selenium-safari-driver-4.17.0.jar:/Users/abdelrahmanmubarak/.m2/repository/org/seleniumhq/selenium/selenium-support/4.17.0/selenium-support-4.17.0.jar:/Users/abdelrahmanmubarak/.m2/repository/org/testng/testng/6.14.3/testng-6.14.3.jar:/Users/abdelrahmanmubarak/.m2/repository/com/beust/jcommander/1.72/jcommander-1.72.jar:/Users/abdelrahmanmubarak/.m2/repository/org/apache-extras/beanshell/bsh/2.0b6/bsh-2.0b6.jar:/Users/abdelrahmanmubarak/.m2/repository/io/qameta/allure/allure-testng/2.18.0/allure-testng-2.18.0.jar:/Users/abdelrahmanmubarak/.m2/repository/io/qameta/allure/allure-java-commons/2.18.0/allure-java-commons-2.18.0.jar:/Users/abdelrahmanmubarak/.m2/repository/org/slf4j/slf4j-api/1.7.30/slf4j-api-1.7.30.jar:/Users/abdelrahmanmubarak/.m2/repository/io/qameta/allure/allure-model/2.18.0/allure-model-2.18.0.jar:/Users/abdelrahmanmubarak/.m2/repository/io/qameta/allure/allure-test-filter/2.18.0/allure-test-filter-2.18.0.jar:/Users/abdelrahmanmubarak/.m2/repository/com/googlecode/json-simple/json-simple/1.1.1/json-simple-1.1.1.jar:/Users/abdelrahmanmubarak/.m2/repository/junit/junit/4.10/junit-4.10.jar:/Users/abdelrahmanmubarak/.m2/repository/org/hamcrest/hamcrest-core/1.1/hamcrest-core-1.1.jar:/Users/abdelrahmanmubarak/.m2/repository/org/apache/poi/poi-ooxml/5.2.0/poi-ooxml-5.2.0.jar:/Users/abdelrahmanmubarak/.m2/repository/org/apache/poi/poi/5.2.0/poi-5.2.0.jar:/Users/abdelrahmanmubarak/.m2/repository/commons-codec/commons-codec/1.15/commons-codec-1.15.jar:/Users/abdelrahmanmubarak/.m2/repository/org/apache/commons/commons-math3/3.6.1/commons-math3-3.6.1.jar:/Users/abdelrahmanmubarak/.m2/repository/com/zaxxer/SparseBitSet/1.2/SparseBitSet-1.2.jar:/Users/abdelrahmanmubarak/.m2/repository/org/apache/poi/poi-ooxml-lite/5.2.0/poi-ooxml-lite-5.2.0.jar:/Users/abdelrahmanmubarak/.m2/repository/org/apache/xmlbeans/xmlbeans/5.0.3/xmlbeans-5.0.3.jar:/Users/abdelrahmanmubarak/.m2/repository/org/apache/commons/commons-compress/1.21/commons-compress-1.21.jar:/Users/abdelrahmanmubarak/.m2/repository/commons-io/commons-io/2.11.0/commons-io-2.11.0.jar:/Users/abdelrahmanmubarak/.m2/repository/com/github/virtuald/curvesapi/1.06/curvesapi-1.06.jar:/Users/abdelrahmanmubarak/.m2/repository/org/apache/logging/log4j/log4j-api/2.17.1/log4j-api-2.17.1.jar:/Users/abdelrahmanmubarak/.m2/repository/org/apache/commons/commons-collections4/4.4/commons-collections4-4.4.jar:/Users/abdelrahmanmubarak/.m2/repository/com/github/javafaker/javafaker/1.0.2/javafaker-1.0.2.jar:/Users/abdelrahmanmubarak/.m2/repository/org/apache/commons/commons-lang3/3.5/commons-lang3-3.5.jar:/Users/abdelrahmanmubarak/.m2/repository/org/yaml/snakeyaml/1.23/snakeyaml-1.23-android.jar:/Users/abdelrahmanmubarak/.m2/repository/com/github/mifmif/generex/1.0.2/generex-1.0.2.jar:/Users/abdelrahmanmubarak/.m2/repository/dk/brics/automaton/automaton/1.11-8/automaton-1.11-8.jar:"/>
    <property name="java.vm.vendor" value="Oracle Corporation"/>
    <property name="sun.arch.data.model" value="64"/>
    <property name="java.vendor.url" value="https://openjdk.java.net/"/>
    <property name="user.timezone" value="Africa/Cairo"/>
    <property name="java.vm.specification.version" value="11"/>
    <property name="os.name" value="Mac OS X"/>
    <property name="sun.java.launcher" value="SUN_STANDARD"/>
    <property name="user.country" value="EG"/>
    <property name="sun.boot.library.path" value="/Library/Java/JavaVirtualMachines/jdk-11.jdk/Contents/Home/lib"/>
    <property name="sun.java.command" value="/Users/abdelrahmanmubarak/Downloads/Title/target/surefire/surefirebooter-20240603115630290_3.jar /Users/abdelrahmanmubarak/Downloads/Title/target/surefire 2024-06-03T11-56-30_171-jvmRun1 surefire-20240603115630290_1tmp surefire_0-20240603115630290_2tmp"/>
    <property name="http.nonProxyHosts" value="local|*.local|169.254/16|*.169.254/16"/>
    <property name="jdk.debug" value="release"/>
    <property name="surefire.test.class.path" value="/Users/abdelrahmanmubarak/Downloads/Title/target/test-classes:/Users/abdelrahmanmubarak/Downloads/Title/target/classes:/Users/abdelrahmanmubarak/.m2/repository/org/seleniumhq/selenium/selenium-java/4.17.0/selenium-java-4.17.0.jar:/Users/abdelrahmanmubarak/.m2/repository/org/seleniumhq/selenium/selenium-api/4.17.0/selenium-api-4.17.0.jar:/Users/abdelrahmanmubarak/.m2/repository/org/seleniumhq/selenium/selenium-chrome-driver/4.17.0/selenium-chrome-driver-4.17.0.jar:/Users/abdelrahmanmubarak/.m2/repository/com/google/auto/service/auto-service-annotations/1.1.1/auto-service-annotations-1.1.1.jar:/Users/abdelrahmanmubarak/.m2/repository/org/seleniumhq/selenium/selenium-chromium-driver/4.17.0/selenium-chromium-driver-4.17.0.jar:/Users/abdelrahmanmubarak/.m2/repository/org/seleniumhq/selenium/selenium-json/4.17.0/selenium-json-4.17.0.jar:/Users/abdelrahmanmubarak/.m2/repository/org/seleniumhq/selenium/selenium-manager/4.17.0/selenium-manager-4.17.0.jar:/Users/abdelrahmanmubarak/.m2/repository/org/seleniumhq/selenium/selenium-devtools-v119/4.17.0/selenium-devtools-v119-4.17.0.jar:/Users/abdelrahmanmubarak/.m2/repository/org/seleniumhq/selenium/selenium-devtools-v120/4.17.0/selenium-devtools-v120-4.17.0.jar:/Users/abdelrahmanmubarak/.m2/repository/org/seleniumhq/selenium/selenium-devtools-v121/4.17.0/selenium-devtools-v121-4.17.0.jar:/Users/abdelrahmanmubarak/.m2/repository/org/seleniumhq/selenium/selenium-devtools-v85/4.17.0/selenium-devtools-v85-4.17.0.jar:/Users/abdelrahmanmubarak/.m2/repository/org/seleniumhq/selenium/selenium-edge-driver/4.17.0/selenium-edge-driver-4.17.0.jar:/Users/abdelrahmanmubarak/.m2/repository/org/seleniumhq/selenium/selenium-firefox-driver/4.17.0/selenium-firefox-driver-4.17.0.jar:/Users/abdelrahmanmubarak/.m2/repository/org/seleniumhq/selenium/selenium-http/4.17.0/selenium-http-4.17.0.jar:/Users/abdelrahmanmubarak/.m2/repository/dev/failsafe/failsafe/3.3.2/failsafe-3.3.2.jar:/Users/abdelrahmanmubarak/.m2/repository/org/seleniumhq/selenium/selenium-ie-driver/4.17.0/selenium-ie-driver-4.17.0.jar:/Users/abdelrahmanmubarak/.m2/repository/org/seleniumhq/selenium/selenium-remote-driver/4.17.0/selenium-remote-driver-4.17.0.jar:/Users/abdelrahmanmubarak/.m2/repository/com/google/guava/guava/33.0.0-jre/guava-33.0.0-jre.jar:/Users/abdelrahmanmubarak/.m2/repository/com/google/guava/failureaccess/1.0.2/failureaccess-1.0.2.jar:/Users/abdelrahmanmubarak/.m2/repository/com/google/guava/listenablefuture/9999.0-empty-to-avoid-conflict-with-guava/listenablefuture-9999.0-empty-to-avoid-conflict-with-guava.jar:/Users/abdelrahmanmubarak/.m2/repository/com/google/code/findbugs/jsr305/3.0.2/jsr305-3.0.2.jar:/Users/abdelrahmanmubarak/.m2/repository/org/checkerframework/checker-qual/3.41.0/checker-qual-3.41.0.jar:/Users/abdelrahmanmubarak/.m2/repository/com/google/errorprone/error_prone_annotations/2.23.0/error_prone_annotations-2.23.0.jar:/Users/abdelrahmanmubarak/.m2/repository/com/google/j2objc/j2objc-annotations/2.8/j2objc-annotations-2.8.jar:/Users/abdelrahmanmubarak/.m2/repository/io/opentelemetry/semconv/opentelemetry-semconv/1.23.1-alpha/opentelemetry-semconv-1.23.1-alpha.jar:/Users/abdelrahmanmubarak/.m2/repository/io/opentelemetry/opentelemetry-api/1.34.1/opentelemetry-api-1.34.1.jar:/Users/abdelrahmanmubarak/.m2/repository/io/opentelemetry/opentelemetry-context/1.34.1/opentelemetry-context-1.34.1.jar:/Users/abdelrahmanmubarak/.m2/repository/io/opentelemetry/opentelemetry-exporter-logging/1.34.1/opentelemetry-exporter-logging-1.34.1.jar:/Users/abdelrahmanmubarak/.m2/repository/io/opentelemetry/opentelemetry-sdk-common/1.34.1/opentelemetry-sdk-common-1.34.1.jar:/Users/abdelrahmanmubarak/.m2/repository/io/opentelemetry/opentelemetry-sdk-extension-autoconfigure-spi/1.34.1/opentelemetry-sdk-extension-autoconfigure-spi-1.34.1.jar:/Users/abdelrahmanmubarak/.m2/repository/io/opentelemetry/opentelemetry-sdk-extension-autoconfigure/1.34.1/opentelemetry-sdk-extension-autoconfigure-1.34.1.jar:/Users/abdelrahmanmubarak/.m2/repository/io/opentelemetry/opentelemetry-api-events/1.34.1-alpha/opentelemetry-api-events-1.34.1-alpha.jar:/Users/abdelrahmanmubarak/.m2/repository/io/opentelemetry/opentelemetry-sdk-trace/1.34.1/opentelemetry-sdk-trace-1.34.1.jar:/Users/abdelrahmanmubarak/.m2/repository/io/opentelemetry/opentelemetry-sdk/1.34.1/opentelemetry-sdk-1.34.1.jar:/Users/abdelrahmanmubarak/.m2/repository/io/opentelemetry/opentelemetry-sdk-metrics/1.34.1/opentelemetry-sdk-metrics-1.34.1.jar:/Users/abdelrahmanmubarak/.m2/repository/io/opentelemetry/opentelemetry-extension-incubator/1.34.1-alpha/opentelemetry-extension-incubator-1.34.1-alpha.jar:/Users/abdelrahmanmubarak/.m2/repository/io/opentelemetry/opentelemetry-sdk-logs/1.34.1/opentelemetry-sdk-logs-1.34.1.jar:/Users/abdelrahmanmubarak/.m2/repository/net/bytebuddy/byte-buddy/1.14.11/byte-buddy-1.14.11.jar:/Users/abdelrahmanmubarak/.m2/repository/org/seleniumhq/selenium/selenium-os/4.17.0/selenium-os-4.17.0.jar:/Users/abdelrahmanmubarak/.m2/repository/org/apache/commons/commons-exec/1.3/commons-exec-1.3.jar:/Users/abdelrahmanmubarak/.m2/repository/org/seleniumhq/selenium/selenium-safari-driver/4.17.0/selenium-safari-driver-4.17.0.jar:/Users/abdelrahmanmubarak/.m2/repository/org/seleniumhq/selenium/selenium-support/4.17.0/selenium-support-4.17.0.jar:/Users/abdelrahmanmubarak/.m2/repository/org/testng/testng/6.14.3/testng-6.14.3.jar:/Users/abdelrahmanmubarak/.m2/repository/com/beust/jcommander/1.72/jcommander-1.72.jar:/Users/abdelrahmanmubarak/.m2/repository/org/apache-extras/beanshell/bsh/2.0b6/bsh-2.0b6.jar:/Users/abdelrahmanmubarak/.m2/repository/io/qameta/allure/allure-testng/2.18.0/allure-testng-2.18.0.jar:/Users/abdelrahmanmubarak/.m2/repository/io/qameta/allure/allure-java-commons/2.18.0/allure-java-commons-2.18.0.jar:/Users/abdelrahmanmubarak/.m2/repository/org/slf4j/slf4j-api/1.7.30/slf4j-api-1.7.30.jar:/Users/abdelrahmanmubarak/.m2/repository/io/qameta/allure/allure-model/2.18.0/allure-model-2.18.0.jar:/Users/abdelrahmanmubarak/.m2/repository/io/qameta/allure/allure-test-filter/2.18.0/allure-test-filter-2.18.0.jar:/Users/abdelrahmanmubarak/.m2/repository/com/googlecode/json-simple/json-simple/1.1.1/json-simple-1.1.1.jar:/Users/abdelrahmanmubarak/.m2/repository/junit/junit/4.10/junit-4.10.jar:/Users/abdelrahmanmubarak/.m2/repository/org/hamcrest/hamcrest-core/1.1/hamcrest-core-1.1.jar:/Users/abdelrahmanmubarak/.m2/repository/org/apache/poi/poi-ooxml/5.2.0/poi-ooxml-5.2.0.jar:/Users/abdelrahmanmubarak/.m2/repository/org/apache/poi/poi/5.2.0/poi-5.2.0.jar:/Users/abdelrahmanmubarak/.m2/repository/commons-codec/commons-codec/1.15/commons-codec-1.15.jar:/Users/abdelrahmanmubarak/.m2/repository/org/apache/commons/commons-math3/3.6.1/commons-math3-3.6.1.jar:/Users/abdelrahmanmubarak/.m2/repository/com/zaxxer/SparseBitSet/1.2/SparseBitSet-1.2.jar:/Users/abdelrahmanmubarak/.m2/repository/org/apache/poi/poi-ooxml-lite/5.2.0/poi-ooxml-lite-5.2.0.jar:/Users/abdelrahmanmubarak/.m2/repository/org/apache/xmlbeans/xmlbeans/5.0.3/xmlbeans-5.0.3.jar:/Users/abdelrahmanmubarak/.m2/repository/org/apache/commons/commons-compress/1.21/commons-compress-1.21.jar:/Users/abdelrahmanmubarak/.m2/repository/commons-io/commons-io/2.11.0/commons-io-2.11.0.jar:/Users/abdelrahmanmubarak/.m2/repository/com/github/virtuald/curvesapi/1.06/curvesapi-1.06.jar:/Users/abdelrahmanmubarak/.m2/repository/org/apache/logging/log4j/log4j-api/2.17.1/log4j-api-2.17.1.jar:/Users/abdelrahmanmubarak/.m2/repository/org/apache/commons/commons-collections4/4.4/commons-collections4-4.4.jar:/Users/abdelrahmanmubarak/.m2/repository/com/github/javafaker/javafaker/1.0.2/javafaker-1.0.2.jar:/Users/abdelrahmanmubarak/.m2/repository/org/apache/commons/commons-lang3/3.5/commons-lang3-3.5.jar:/Users/abdelrahmanmubarak/.m2/repository/org/yaml/snakeyaml/1.23/snakeyaml-1.23-android.jar:/Users/abdelrahmanmubarak/.m2/repository/com/github/mifmif/generex/1.0.2/generex-1.0.2.jar:/Users/abdelrahmanmubarak/.m2/repository/dk/brics/automaton/automaton/1.11-8/automaton-1.11-8.jar:"/>
    <property name="sun.cpu.endian" value="little"/>
    <property name="user.home" value="/Users/abdelrahmanmubarak"/>
    <property name="user.language" value="en"/>
    <property name="java.specification.vendor" value="Oracle Corporation"/>
    <property name="java.version.date" value="2024-01-16"/>
    <property name="java.home" value="/Library/Java/JavaVirtualMachines/jdk-11.jdk/Contents/Home"/>
    <property name="file.separator" value="/"/>
    <property name="basedir" value="/Users/abdelrahmanmubarak/Downloads/Title"/>
    <property name="java.vm.compressedOopsMode" value="Zero based"/>
    <property name="line.separator" value="&#10;"/>
    <property name="java.specification.name" value="Java Platform API Specification"/>
    <property name="java.vm.specification.vendor" value="Oracle Corporation"/>
    <property name="java.awt.graphicsenv" value="sun.awt.CGraphicsEnvironment"/>
    <property name="surefire.real.class.path" value="/Users/abdelrahmanmubarak/Downloads/Title/target/surefire/surefirebooter-20240603115630290_3.jar"/>
    <property name="sun.management.compiler" value="HotSpot 64-Bit Tiered Compilers"/>
    <property name="ftp.nonProxyHosts" value="local|*.local|169.254/16|*.169.254/16"/>
    <property name="java.runtime.version" value="11.0.22+9-LTS-219"/>
    <property name="user.name" value="abdelrahmanmubarak"/>
    <property name="path.separator" value=":"/>
    <property name="os.version" value="12.7.5"/>
    <property name="java.runtime.name" value="Java(TM) SE Runtime Environment"/>
    <property name="file.encoding" value="UTF-8"/>
    <property name="java.vm.name" value="Java HotSpot(TM) 64-Bit Server VM"/>
    <property name="java.vendor.version" value="18.9"/>
    <property name="localRepository" value="/Users/abdelrahmanmubarak/.m2/repository"/>
    <property name="java.vendor.url.bug" value="https://bugreport.java.com/bugreport/"/>
    <property name="java.io.tmpdir" value="/var/folders/sp/r_98my697mb63gyw9j5zpdgc0000gn/T/"/>
    <property name="java.version" value="11.0.22"/>
    <property name="user.dir" value="/Users/abdelrahmanmubarak/Downloads/Title"/>
    <property name="os.arch" value="x86_64"/>
    <property name="java.vm.specification.name" value="Java Virtual Machine Specification"/>
    <property name="java.awt.printerjob" value="sun.lwawt.macosx.CPrinterJob"/>
    <property name="sun.os.patch.level" value="unknown"/>
    <property name="java.library.path" value="/Users/abdelrahmanmubarak/Library/Java/Extensions:/Library/Java/Extensions:/Network/Library/Java/Extensions:/System/Library/Java/Extensions:/usr/lib/java:."/>
    <property name="java.vendor" value="Oracle Corporation"/>
    <property name="java.vm.info" value="mixed mode"/>
    <property name="java.vm.version" value="11.0.22+9-LTS-219"/>
    <property name="java.specification.maintenance.version" value="2"/>
    <property name="sun.io.unicode.encoding" value="UnicodeBig"/>
    <property name="java.class.version" value="55.0"/>
    <property name="socksNonProxyHosts" value="local|*.local|169.254/16|*.169.254/16"/>
  </properties>
  <testcase name="userCanContactUs" classname="tests.ContactUsTest" time="1.444">
    <system-err><![CDATA[SLF4J: Failed to load class "org.slf4j.impl.StaticLoggerBinder".
SLF4J: Defaulting to no-operation (NOP) logger implementation
SLF4J: See http://www.slf4j.org/codes.html#StaticLoggerBinder for further details.
Jun 03, 2024 11:56:33 AM org.openqa.selenium.devtools.CdpVersionFinder findNearestMatch
WARNING: Unable to find an exact match for CDP version 125, returning the closest version; found: 121; Please update to a Selenium version that supports CDP version 125
]]></system-err>
  </testcase>
  <testcase name="userCanSelectSubCatUsingHoverMenu" classname="tests.ProductHoverMenuTest" time="0.768"/>
  <testcase name="userCanSearchForProduct" classname="tests.SearchProductTest" time="1.184"/>
  <testcase name="userCanRegisterSuccessfully" classname="tests.UserRegistrationTestUsingJavaFaker" time="4.134">
    <system-out><![CDATA[The User Data is:
Firstname: Joette
Secondname: Emmerich
Email: lashawn.wuckert@gmail.com
Password: 41970032
]]></system-out>
  </testcase>
</testsuite>