<?xml version="1.0" encoding="UTF-8"?>
<!-- Generated by org.testng.reporters.JUnitReportReporter -->
<testsuite hostname="192.168.1.4" failures="0" tests="1" name="tests.ProductHoverMenuTest" time="0.767" errors="0" timestamp="03 Jun 2024 08:56:42 GMT" skipped="0">
  <testcase classname="tests.ProductHoverMenuTest" name="userCanSelectSubCatUsingHoverMenu" time="0.767"/>
</testsuite> <!-- tests.ProductHoverMenuTest -->
