<?xml version="1.0" encoding="UTF-8"?>
<!-- Generated by org.testng.reporters.JUnitReportReporter -->
<testsuite hostname="192.168.1.4" failures="0" tests="1" name="tests.SearchProductTest" time="1.189" errors="0" timestamp="03 Jun 2024 08:56:42 GMT" skipped="0">
  <testcase classname="tests.SearchProductTest" name="userCanSearchForProduct" time="1.189"/>
</testsuite> <!-- tests.SearchProductTest -->
